0 info it worked if it ends with ok
1 verbose cli [ '/usr/local/Cellar/node/5.0.0/bin/node',
1 verbose cli   '/usr/local/bin/npm',
1 verbose cli   'run',
1 verbose cli   'dev' ]
2 info using npm@3.3.9
3 info using node@v5.0.0
4 verbose run-script [ 'predev', 'dev', 'postdev' ]
5 info lifecycle realtime-175@0.0.175~predev: realtime-175@0.0.175
6 silly lifecycle realtime-175@0.0.175~predev: no script for predev, continuing
7 info lifecycle realtime-175@0.0.175~dev: realtime-175@0.0.175
8 verbose lifecycle realtime-175@0.0.175~dev: unsafe-perm in lifecycle true
9 verbose lifecycle realtime-175@0.0.175~dev: PATH: /usr/local/lib/node_modules/npm/bin/node-gyp-bin:/Users/richardbacci/real_time/node_modules/.bin:/Users/richardbacci/.rvm/gems/ruby-2.2.2/bin:/Users/richardbacci/.rvm/gems/ruby-2.2.2@global/bin:/Users/richardbacci/.rvm/rubies/ruby-2.2.2/bin:/Users/richardbacci/.rvm/bin:/usr/local/bin:/usr/bin:/bin:/usr/sbin:/sbin
10 verbose lifecycle realtime-175@0.0.175~dev: CWD: /Users/richardbacci/real_time
11 silly lifecycle realtime-175@0.0.175~dev: Args: [ '-c',
11 silly lifecycle   'webpack-dev-server --content-base public/ --progress --colors' ]
12 silly lifecycle realtime-175@0.0.175~dev: Returned: code: 1  signal: null
13 info lifecycle realtime-175@0.0.175~dev: Failed to exec dev script
14 verbose stack Error: realtime-175@0.0.175 dev: `webpack-dev-server --content-base public/ --progress --colors`
14 verbose stack Exit status 1
14 verbose stack     at EventEmitter.<anonymous> (/usr/local/lib/node_modules/npm/lib/utils/lifecycle.js:233:16)
14 verbose stack     at emitTwo (events.js:87:13)
14 verbose stack     at EventEmitter.emit (events.js:172:7)
14 verbose stack     at ChildProcess.<anonymous> (/usr/local/lib/node_modules/npm/lib/utils/spawn.js:24:14)
14 verbose stack     at emitTwo (events.js:87:13)
14 verbose stack     at ChildProcess.emit (events.js:172:7)
14 verbose stack     at maybeClose (internal/child_process.js:818:16)
14 verbose stack     at Process.ChildProcess._handle.onexit (internal/child_process.js:211:5)
15 verbose pkgid realtime-175@0.0.175
16 verbose cwd /Users/richardbacci/real_time
17 error Darwin 14.5.0
18 error argv "/usr/local/Cellar/node/5.0.0/bin/node" "/usr/local/bin/npm" "run" "dev"
19 error node v5.0.0
20 error npm  v3.3.9
21 error code ELIFECYCLE
22 error realtime-175@0.0.175 dev: `webpack-dev-server --content-base public/ --progress --colors`
22 error Exit status 1
23 error Failed at the realtime-175@0.0.175 dev script 'webpack-dev-server --content-base public/ --progress --colors'.
23 error This is most likely a problem with the realtime-175 package,
23 error not with npm itself.
23 error Tell the author that this fails on your system:
23 error     webpack-dev-server --content-base public/ --progress --colors
23 error You can get their info via:
23 error     npm owner ls realtime-175
23 error There is likely additional logging output above.
24 verbose exit [ 1, true ]
